Base path: C:/Program Files/Unity/Hub/Editor/2018.3.8f1/Editor/Data
Cmd: initializeCompiler
Cmd: compileComputeKernel
  api=14 insize=14379 outsize=112681 ok=1
Cmd: compileComputeKernel
  api=14 insize=14379 outsize=47517 ok=1
Cmd: compileComputeKernel
  api=14 insize=14379 outsize=56341 ok=1
Cmd: compileComputeKernel
  api=14 insize=14379 outsize=73025 ok=1
Cmd: compileComputeKernel
  api=14 insize=14379 outsize=44225 ok=1
Cmd: compileComputeKernel
  api=14 insize=14379 outsize=49673 ok=1
Cmd: compileComputeKernel
  api=14 insize=14379 outsize=44197 ok=1
Cmd: compileComputeKernel
  api=14 insize=14379 outsize=49133 ok=1
Cmd: compileComputeKernel
  api=14 insize=14379 outsize=44821 ok=1
Cmd: compileComputeKernel
  api=14 insize=14379 outsize=49269 ok=1
Cmd: compileComputeKernel
  api=14 insize=14379 outsize=74677 ok=1
Cmd: compileComputeKernel
  api=4 insize=14379 outsize=21365 ok=1
Cmd: compileComputeKernel
  api=4 insize=14379 outsize=32189 ok=1
Cmd: compileComputeKernel
  api=4 insize=14379 outsize=40293 ok=1
Cmd: compileComputeKernel
  api=4 insize=14379 outsize=28705 ok=1
Cmd: compileComputeKernel
  api=4 insize=14379 outsize=56813 ok=1
Cmd: compileComputeKernel
  api=4 insize=14379 outsize=31093 ok=1
Cmd: compileComputeKernel
  api=4 insize=14379 outsize=34513 ok=1
Cmd: translateComputeKernel
  api=14 insize=102637 outsize=228405 ok=1
Cmd: translateComputeKernel
  api=14 insize=52505 outsize=107057 ok=1
Cmd: translateComputeKernel
  api=14 insize=43153 outsize=80501 ok=1
Cmd: translateComputeKernel
  api=14 insize=83429 outsize=181845 ok=1
Cmd: translateComputeKernel
  api=14 insize=81633 outsize=172925 ok=1
Cmd: translateComputeKernel
  api=14 insize=42425 outsize=78749 ok=1
Cmd: translateComputeKernel
  api=14 insize=54265 outsize=112241 ok=1
Cmd: translateComputeKernel
  api=14 insize=50509 outsize=97973 ok=1
Cmd: translateComputeKernel
  api=14 insize=57713 outsize=115541 ok=1
Cmd: translateComputeKernel
  api=14 insize=58685 outsize=118761 ok=1
Cmd: translateComputeKernel
  api=14 insize=57229 outsize=114273 ok=1
Cmd: compileComputeKernel
  api=4 insize=14379 outsize=42581 ok=1
Cmd: compileComputeKernel
  api=4 insize=14379 outsize=59293 ok=1
Cmd: compileComputeKernel
  api=4 insize=14379 outsize=32589 ok=1
Cmd: compileComputeKernel
  api=4 insize=14379 outsize=36609 ok=1
Cmd: compileComputeKernel
  api=4 insize=14379 outsize=32569 ok=1
Cmd: compileComputeKernel
  api=4 insize=14379 outsize=36081 ok=1
Cmd: compileComputeKernel
  api=4 insize=14379 outsize=44137 ok=1
Cmd: compileComputeKernel
  api=4 insize=14379 outsize=42785 ok=1
Cmd: compileComputeKernel
  api=14 insize=26814 outsize=17433 ok=1
Cmd: compileComputeKernel
  api=14 insize=26814 outsize=17865 ok=1
Cmd: compileComputeKernel
  api=4 insize=26814 outsize=14253 ok=1
Cmd: compileComputeKernel
  api=4 insize=26814 outsize=16081 ok=1
Cmd: translateComputeKernel
  api=14 insize=48933 outsize=86121 ok=1
Cmd: compileComputeKernel
  api=14 insize=10881 outsize=11453 ok=1
Cmd: compileComputeKernel
  api=4 insize=10881 outsize=10437 ok=1
Cmd: compileComputeKernel
  api=14 insize=7431 outsize=13073 ok=1
Cmd: compileComputeKernel
  api=14 insize=4845 outsize=7289 ok=1
Cmd: translateComputeKernel
  api=14 insize=5765 outsize=8357 ok=1
Cmd: compileComputeKernel
  api=14 insize=3396 outsize=3265 ok=1
Cmd: compileComputeKernel
  api=4 insize=6353 outsize=6497 ok=1
Cmd: translateComputeKernel
  api=14 insize=2673 outsize=4525 ok=1
Cmd: compileComputeKernel
  api=14 insize=11900 outsize=12037 ok=1
Cmd: compileComputeKernel
  api=14 insize=18299 outsize=9953 ok=1
Cmd: compileComputeKernel
  api=14 insize=18299 outsize=11321 ok=1
Cmd: compileComputeKernel
  api=4 insize=18299 outsize=8553 ok=1
Cmd: compileComputeKernel
  api=4 insize=18299 outsize=10769 ok=1
Cmd: compileComputeKernel
  api=14 insize=1567 outsize=1497 ok=1
Cmd: translateComputeKernel
  api=14 insize=1497 outsize=1785 ok=1
Cmd: compileComputeKernel
  api=14 insize=19063 outsize=16417 ok=1
Cmd: compileComputeKernel
  api=14 insize=19063 outsize=17205 ok=1
Cmd: compileComputeKernel
  api=4 insize=19063 outsize=14377 ok=1
Cmd: compileComputeKernel
  api=14 insize=21751 outsize=22297 ok=1
Cmd: compileComputeKernel
  api=4 insize=2867 outsize=1329 ok=1
Cmd: translateComputeKernel
  api=14 insize=853 outsize=785 ok=1
Cmd: compileComputeKernel
  api=14 insize=1806 outsize=2001 ok=1
Cmd: translateComputeKernel
  api=14 insize=2001 outsize=3541 ok=1
Cmd: compileComputeKernel
  api=14 insize=692 outsize=1093 ok=1
Cmd: compileComputeKernel
  api=14 insize=20454 outsize=34873 ok=1
Cmd: compileComputeKernel
  api=4 insize=20454 outsize=27309 ok=1
Cmd: translateComputeKernel
  api=14 insize=102597 outsize=625257 ok=1
Cmd: compileComputeKernel
  api=14 insize=34758 outsize=47649 ok=1
Cmd: compileComputeKernel
  api=14 insize=34758 outsize=49153 ok=1
Cmd: compileComputeKernel
  api=14 insize=34758 outsize=49153 ok=1
Cmd: compileComputeKernel
  api=4 insize=34758 outsize=35961 ok=1
Cmd: translateComputeKernel
  api=14 insize=48381 outsize=96833 ok=1
Cmd: translateComputeKernel
  api=14 insize=47785 outsize=95665 ok=1
Cmd: compileComputeKernel
  api=4 insize=34758 outsize=33693 ok=1
Cmd: compileComputeKernel
  api=4 insize=8350 outsize=2945 ok=1
Cmd: translateComputeKernel
  api=14 insize=2405 outsize=4785 ok=1
Cmd: compileComputeKernel
  api=14 insize=16360 outsize=15893 ok=1
Cmd: compileComputeKernel
  api=4 insize=16360 outsize=7821 ok=1
Cmd: compileComputeKernel
  api=14 insize=13916 outsize=14461 ok=1
Cmd: translateComputeKernel
  api=14 insize=14729 outsize=13441 ok=1
Cmd: compileComputeKernel
  api=4 insize=1454 outsize=1461 ok=1
Cmd: translateComputeKernel
  api=14 insize=1193 outsize=1313 ok=1
Cmd: compileComputeKernel
  api=14 insize=2044 outsize=1505 ok=1
Cmd: translateComputeKernel
  api=14 insize=1509 outsize=2273 ok=1
Cmd: compileComputeKernel
  api=14 insize=3506 outsize=8801 ok=1
Cmd: translateComputeKernel
  api=14 insize=8801 outsize=2597 ok=1
Cmd: compileComputeKernel
  api=14 insize=16866 outsize=6473 ok=1
Cmd: compileComputeKernel
  api=14 insize=16866 outsize=6377 ok=1
Cmd: compileComputeKernel
  api=14 insize=16866 outsize=7769 ok=1
Cmd: compileComputeKernel
  api=14 insize=16866 outsize=8777 ok=1
Cmd: compileComputeKernel
  api=14 insize=16866 outsize=8349 ok=1
Cmd: compileComputeKernel
  api=14 insize=16866 outsize=10317 ok=1
Cmd: compileComputeKernel
  api=14 insize=16866 outsize=8237 ok=1
Cmd: compileComputeKernel
  api=14 insize=16866 outsize=7829 ok=1
Cmd: compileComputeKernel
  api=14 insize=16866 outsize=9609 ok=1
Cmd: compileComputeKernel
  api=14 insize=16866 outsize=11233 ok=1
Cmd: compileComputeKernel
  api=14 insize=16866 outsize=10277 ok=1
Cmd: compileComputeKernel
  api=14 insize=16866 outsize=12245 ok=1
Cmd: compileComputeKernel
  api=4 insize=16866 outsize=5617 ok=1
Cmd: compileComputeKernel
  api=4 insize=16866 outsize=6625 ok=1
Cmd: compileComputeKernel
  api=4 insize=16866 outsize=7397 ok=1
Cmd: compileComputeKernel
  api=4 insize=16866 outsize=9673 ok=1
Cmd: compileComputeKernel
  api=4 insize=16866 outsize=9757 ok=1
Cmd: compileComputeKernel
  api=4 insize=16866 outsize=8269 ok=1
Cmd: compileComputeKernel
  api=4 insize=16866 outsize=8461 ok=1
Cmd: compileComputeKernel
  api=4 insize=16866 outsize=9485 ok=1
Cmd: compileComputeKernel
  api=4 insize=16866 outsize=8805 ok=1
Cmd: compileComputeKernel
  api=4 insize=16866 outsize=10245 ok=1
Cmd: compileComputeKernel
  api=4 insize=3145 outsize=4233 ok=1
Cmd: translateComputeKernel
  api=14 insize=5045 outsize=9069 ok=1
Cmd: compileComputeKernel
  api=4 insize=1192 outsize=541 ok=1
Cmd: translateComputeKernel
  api=14 insize=873 outsize=1513 ok=1
Cmd: initializeCompiler
Cmd: initializeCompiler
Cmd: initializeCompiler
Cmd: initializeCompiler
Cmd: initializeCompiler
Cmd: initializeCompiler
Cmd: initializeCompiler
Cmd: initializeCompiler
Cmd: initializeCompiler
Cmd: initializeCompiler
Cmd: initializeCompiler
Cmd: initializeCompiler
Cmd: initializeCompiler
Cmd: initializeCompiler
Cmd: initializeCompiler
Cmd: initializeCompiler
Cmd: initializeCompiler
Cmd: initializeCompiler
Cmd: initializeCompiler
Cmd: initializeCompiler
Cmd: initializeCompiler
Cmd: initializeCompiler
Cmd: initializeCompiler
Cmd: initializeCompiler
Cmd: initializeCompiler
Cmd: initializeCompiler
Cmd: initializeCompiler
